<?xml version="1.0" encoding="UTF-8"?>
<!-- Generated by org.testng.reporters.JUnitXMLReporter -->
<testsuite ignored="0" hostname="HarshPC" failures="0" tests="2" name="Error Validation Test" time="17.173" errors="0" timestamp="2025-11-05T23:25:19 IST">
  <testcase classname="rahulshettyacademy.tests.ErrorValidation" name="LoginErrorValidation" time="0.898"/>
  <testcase classname="rahulshettyacademy.tests.ErrorValidation" name="ProductErrorValidation" time="12.041"/>
</testsuite> <!-- Error Validation Test -->
