<?xml version="1.0" encoding="UTF-8"?>
<!-- Generated by org.testng.reporters.JUnitReportReporter -->
<testsuite hostname="HarshPC" failures="0" tests="3" name="rahulshettyacademy.tests.SubmitOrderTest" time="56.252" errors="0" timestamp="2025-11-05T19:20:59 IST" skipped="0">
  <testcase classname="rahulshettyacademy.tests.SubmitOrderTest" name="OrderHistoryTest" time="16.944"/>
  <testcase classname="rahulshettyacademy.tests.SubmitOrderTest" name="submitOrder" time="19.896"/>
  <testcase classname="rahulshettyacademy.tests.SubmitOrderTest" name="submitOrder" time="19.412"/>
</testsuite> <!-- rahulshettyacademy.tests.SubmitOrderTest -->
