<?xml version="1.0" encoding="UTF-8"?>
<!-- Generated by org.testng.reporters.JUnitReportReporter -->
<testsuite hostname="HarshPC" failures="0" tests="2" name="rahulshettyacademy.tests.ErrorValidation" time="17.170" errors="0" timestamp="2025-11-05T23:25:20 IST" skipped="0">
  <testcase classname="rahulshettyacademy.tests.ErrorValidation" name="LoginErrorValidation" time="2.976"/>
  <testcase classname="rahulshettyacademy.tests.ErrorValidation" name="ProductErrorValidation" time="14.194"/>
</testsuite> <!-- rahulshettyacademy.tests.ErrorValidation -->
