<?xml version="1.0" encoding="UTF-8"?>
<!-- Generated by org.testng.reporters.JUnitReportReporter -->
<testsuite hostname="HarshPC" failures="0" tests="3" name="rahulshettyacademy.tests.SubmitOrderTest" time="43.167" errors="0" timestamp="2025-11-05T23:25:20 IST" skipped="0">
  <testcase classname="rahulshettyacademy.tests.SubmitOrderTest" name="submitOrder" time="14.981"/>
  <testcase classname="rahulshettyacademy.tests.SubmitOrderTest" name="submitOrder" time="15.648"/>
  <testcase classname="rahulshettyacademy.tests.SubmitOrderTest" name="OrderHistoryTest" time="12.538"/>
</testsuite> <!-- rahulshettyacademy.tests.SubmitOrderTest -->
